______________________
12-08-2020 06:56:36 AM
----------------------
Host	: csp1.zte.com.cn (192.168.1.1)
Machine	: Linux 2.6.X (Linux)
Kernel	: ['cpe:/o:linux:linux_kernel:2.6']
Ports	: 4 ports are open, 996 not shown
--------------------------------------------  
   PORTS   STAT	 SERVICE	  VERSION DETAIL
   -----   ----	 -------	  --------------
|- 23      FILT	 TELNET         |       
|- 53      OPEN	 DOMAIN         |       
|- 80      OPEN	 HTTP 1.0       | Mini web server ZTE ZXV10 W300 ADSL ro
|- 443     OPEN	 TCPWRAPPED     |       

______________________
12-08-2020 07:04:46 AM
----------------------
Host	: PC (192.168.1.5)
Machine	: Windows Longhorn (Microsoft)
Kernel	: ['cpe:/o:microsoft:windows']
Ports	: 8 ports are open, 992 not shown
--------------------------------------------
   PORTS   STAT	 SERVICE	  VERSION DETAIL
   -----   ----	 -------	  --------------
|- 135     OPEN	 MSRPC          | Microsoft Windows RPC 
|- 139     OPEN	 NETBIOS-SSN    | Microsoft Windows netbios-ssn 
|- 443     OPEN	 HTTPS 15.5.6   | VMware Workstation SOAP API 
|- 445     OPEN	 MICROSOFT-DS   |       
|- 902     OPEN	 VMWARE-AUTH 1  | VMware Authentication Daemon Uses VNC,
|- 912     OPEN	 VMWARE-AUTH 1  | VMware Authentication Daemon Uses VNC,
|- 3306    OPEN	 MYSQL          | MySQL unauthorized
|- 5357    OPEN	 HTTP 2.0       | Microsoft HTTPAPI httpd SSDP/UPnP

______________________
12-08-2020 08:33:31 AM
----------------------
Host	: PC (192.168.1.5)
Machine	: Windows Longhorn (Microsoft)
Kernel	: ['cpe:/o:microsoft:windows']
Ports	: 8 ports are open, 992 not shown
------------------------------------------------
   PORTS   STAT	 SERVICE	  VERSION DETAIL
   -----   ----	 -------	  --------------
|- 135     OPEN	 MSRPC          | Microsoft Windows RPC 
|- 139     OPEN	 NETBIOS-SSN    | Microsoft Windows netbios-ssn 
|- 443     OPEN	 HTTPS 15.5.6   | VMware Workstation SOAP API 
|- 445     OPEN	 MICROSOFT-DS   |       
|- 902     OPEN	 VMWARE-AUTH 1  | VMware Authentication Daemon Uses VNC,
|- 912     OPEN	 VMWARE-AUTH 1  | VMware Authentication Daemon Uses VNC,
|- 3306    OPEN	 MYSQL          | MySQL unauthorized
|- 5357    OPEN	 HTTP 2.0       | Microsoft HTTPAPI httpd SSDP/UPnP

