[01/08/2020 11:30:16 PM] (CR) ERROR: [Errno 2] No such file or directory: '/home/aw'
[01/08/2020 11:47:51 PM] (CR) ERROR: [Errno 2] No such file or directory: '/home/cookie/Sandbox/Cookie-Basic/cipher/my-dairy.txt'
[02/08/2020 10:39:19 AM] (NS) ERROR: unsupported format character 'S' (0x53) at index 32
[02/08/2020 10:47:14 AM] (PS) ERROR: 'tcp'
[02/08/2020 10:48:41 AM] (PS) ERROR: '192.168.1.4'
[02/08/2020 11:07:26 AM] (NS) ERROR: name 'bug_logger' is not defined
[02/08/2020 11:10:20 AM] (NS) ERROR: name 'bug_logger' is not defined
[02/08/2020 11:11:55 AM] (NS) ERROR: list index out of range
[02/08/2020 11:12:31 AM] (NS) ERROR: action have been manually cancled by user (ctrl + c)
[02/08/2020 11:12:42 AM] (NS) ERROR: list index out of range
[02/08/2020 11:13:38 AM] (NS) ERROR: list index out of range
[02/08/2020 11:24:08 AM] (CR) ERROR: [Errno 2] No such file or directory: '/awdawda/awd'
[02/08/2020 10:56:43 PM] (NS) ERROR: list index out of range
[03/08/2020 05:53:23 PM] (NS) ERROR: list index out of range
[03/08/2020 07:47:27 PM] (NS) ERROR: list index out of range
[03/08/2020 07:52:40 PM] (NS) ERROR: list index out of range
[03/08/2020 08:04:20 PM] (NS) ERROR: list index out of range
[03/08/2020 08:18:28 PM] (NS) ERROR: list index out of range
[03/08/2020 08:25:21 PM] (NS) ERROR: list index out of range
[03/08/2020 08:32:06 PM] (RO) ERROR: [Errno 2] No such file or directory: ' /home/cookie/Sandbox/Cookie-Basic/cipher/warning.txt'
[03/08/2020 08:38:59 PM] (RO) ERROR: name 'fine_file' is not defined
[03/08/2020 08:39:51 PM] (RO) ERROR: name 'reverse' is not defined
[03/08/2020 08:40:22 PM] (RO) ERROR: name 'reverse' is not defined
[03/08/2020 09:57:05 PM] (RO) ERROR: [Errno 2] No such file or directory: '/home/cookie/Sandbox/Cookie-Basic/cipher/warning'
[05/08/2020 11:17:46 PM] (PS) ERROR: 'a'
[05/08/2020 11:51:36 PM] (RO) ERROR: [Errno 21] Is a directory: '/home/'
[06/08/2020 10:06:54 AM] (PS) ERROR: 'tcp'
[06/08/2020 11:17:35 AM] (SF) ERROR: invalid literal for int() with base 10: 'a'
[06/08/2020 11:25:34 PM] (SF) ERROR: invalid literal for int() with base 10: 'awd'
[07/08/2020 12:06:31 AM] (NS) ERROR: action have been manually cancled by user (ctrl + c)
[07/08/2020 12:15:48 AM] (NS) ERROR: list index out of range
[07/08/2020 12:17:33 AM] (NS) ERROR: action have been manually cancled by user (ctrl + c)
[07/08/2020 12:19:25 AM] (SF) ERROR: list index out of range
[07/08/2020 12:35:27 AM] (SF) ERROR: action have been manually cancled by user (ctrl + c)
[07/08/2020 12:40:26 AM] (PS) ERROR: 'yeet'
[07/08/2020 12:44:37 AM] (SF) ERROR: invalid literal for int() with base 10: 'a'
