[29/07/2020 07:31:37 PM] (BM) ERROR: action have been cancled manually by user (ctrl + c)
[29/07/2020 07:34:22 PM] (BM) ERROR: action have been cancled manually by user (ctrl + c)
[29/07/2020 07:35:25 PM] (BM) ERROR: action have been cancled manually by user (ctrl + c)
[29/07/2020 07:36:18 PM] (BM) ERROR: action have been cancled manually by user (ctrl + c)
[30/07/2020 06:23:20 AM] (NS) ERROR: action have been cancled manually by user (ctrl + c)
[31/07/2020 09:15:43 PM] (BM) ERROR: (421, b'4.7.0 Try again later, closing connection. (MAIL) u26sm10217428pgo.71 - gsmtp', 'icatmuhammad3@gmail.com')
[31/07/2020 09:20:22 PM] (BM) ERROR: (421, b'4.7.0 Try again later, closing connection. (MAIL) w70sm9894644pfc.98 - gsmtp', 'icatmuhammad3@gmail.com')
[01/08/2020 11:30:16 PM] (CR) ERROR: [Errno 2] No such file or directory: '/home/aw'
[01/08/2020 11:47:51 PM] (CR) ERROR: [Errno 2] No such file or directory: '/home/cookie/Sandbox/Cookie-Basic/cipher/my-dairy.txt'
[02/08/2020 10:39:19 AM] (NS) ERROR: unsupported format character 'S' (0x53) at index 32
[02/08/2020 10:47:14 AM] (PS) ERROR: 'tcp'
[02/08/2020 10:48:41 AM] (PS) ERROR: '192.168.1.4'
[02/08/2020 11:07:26 AM] (NS) ERROR: name 'bug_logger' is not defined
[02/08/2020 11:10:20 AM] (NS) ERROR: name 'bug_logger' is not defined
[02/08/2020 11:11:55 AM] (NS) ERROR: list index out of range
[02/08/2020 11:12:31 AM] (NS) ERROR: action have been manually cancled by user (ctrl + c)
[02/08/2020 11:12:42 AM] (NS) ERROR: list index out of range
[02/08/2020 11:13:38 AM] (NS) ERROR: list index out of range
[02/08/2020 11:24:08 AM] (CR) ERROR: [Errno 2] No such file or directory: '/awdawda/awd'
[02/08/2020 10:56:43 PM] (NS) ERROR: list index out of range
[03/08/2020 05:53:23 PM] (NS) ERROR: list index out of range
[03/08/2020 07:47:27 PM] (NS) ERROR: list index out of range
[03/08/2020 07:52:40 PM] (NS) ERROR: list index out of range
[03/08/2020 08:04:20 PM] (NS) ERROR: list index out of range
[03/08/2020 08:18:28 PM] (NS) ERROR: list index out of range
[03/08/2020 08:25:21 PM] (NS) ERROR: list index out of range
[03/08/2020 08:32:06 PM] (RO) ERROR: [Errno 2] No such file or directory: ' /home/cookie/Sandbox/Cookie-Basic/cipher/warning.txt'
[03/08/2020 08:38:59 PM] (RO) ERROR: name 'fine_file' is not defined
[03/08/2020 08:39:51 PM] (RO) ERROR: name 'reverse' is not defined
[03/08/2020 08:40:22 PM] (RO) ERROR: name 'reverse' is not defined
[03/08/2020 09:57:05 PM] (RO) ERROR: [Errno 2] No such file or directory: '/home/cookie/Sandbox/Cookie-Basic/cipher/warning'
