______________________
23-08-2020 09:39:58 PM
----------------------
Target domain   : dashboard.1010dry.id
-----------------
Domain Profile
-----------------
Profile hash    : [1210735083]
IP address      : 172.67.155.238
AS number       : AS13335
Domain regist   : []
Organization    : Cloudflare
IS provider     : Cloudflare
Origin domain   : United States (US)
Origin coordnt  : -97.822° x 37.751°
| - Timestamp   : 2020-08-22T22:30:11.597110 (443)
| - Timestamp   : 2020-08-22T16:54:37.923580 (2087)
| - Timestamp   : 2020-08-22T14:37:43.150631 (2083)
| - Timestamp   : 2020-08-22T08:45:56.997550 (2082)
| - Timestamp   : 2020-08-22T06:11:40.769082 (8443)
| - Timestamp   : 2020-08-21T07:42:24.806556 (2096)
| - Timestamp   : 2020-08-20T22:13:51.002561 (80)
| - Timestamp   : 2020-08-17T04:27:57.792614 (8080)
| - Timestamp   : 2020-08-16T18:16:43.479859 (8880)
-----------------
Technologies
-----------------
| - Zepto (['JavaScript Libraries'])
-----------------
Open Services
-----------------
Open Port	: 443/TCP
Open Port	: 2087/TCP
Open Port	: 2083/TCP
Open Port	: 2082/TCP
Open Port	: 8443/TCP
Open Port	: 2096/TCP
Open Port	: 80/TCP
Open Port	: 8080/TCP
Open Port	: 8880/TCP
-----------------
Banner Services
-----------------
| - 443/tcp
HTTP/1.1 400 Bad Request
Server: cloudflare
Date: Sat, 22 Aug 2020 22:30:11 GMT
Content-Type: text/html
Content-Length: 655
Connection: close
CF-RAY: -
| - 2087/tcp
HTTP/1.1 400 Bad Request
Server: cloudflare
Date: Sat, 22 Aug 2020 16:53:43 GMT
Content-Type: text/html
Content-Length: 155
Connection: close
CF-RAY: -

<html>
<head><title>400 Bad Request</title></head>
<body>
<center><h1>400 Bad Request</h1></center>
<hr><center>cloudflare</center>
</body>
</html>
| - 2083/tcp
HTTP/1.1 400 Bad Request
Server: cloudflare
Date: Sat, 22 Aug 2020 14:37:42 GMT
Content-Type: text/html
Content-Length: 655
Connection: close
CF-RAY: -
| - 2082/tcp
HTTP/1.1 403 Forbidden
Date: Sat, 22 Aug 2020 08:45:56 GMT
Content-Type: text/html; charset=UTF-8
Content-Length: 3583
Connection: close
X-Frame-Options: SAMEORIGIN
Cache-Control: private, max-age=0, no-store, no-cache, must-revalidate, post-check=0, pre-check=0
Expires: Thu, 01 Jan 1970 00:00:01 GMT
Set-Cookie: __cfduid=dacd096a6c3539f086a67b4a7ce11614e1598085956; expires=Mon, 21-Sep-20 08:45:56 GMT; path=/; domain=.172.67.155.238; HttpOnly; SameSite=Lax
cf-request-id: 04b6f19ce100000c0908b94200000001
Vary: Accept-Encoding
Server: cloudflare
CF-RAY: 5c6b520e38e30c09-AMS
| - 8443/tcp
HTTP/1.1 400 Bad Request
Server: cloudflare
Date: Sat, 22 Aug 2020 06:11:40 GMT
Content-Type: text/html
Content-Length: 655
Connection: close
CF-RAY: -
| - 2096/tcp
HTTP/1.1 400 Bad Request
Server: cloudflare
Date: Fri, 21 Aug 2020 07:42:24 GMT
Content-Type: text/html
Content-Length: 655
Connection: close
CF-RAY: -
| - 80/tcp
HTTP/1.1 403 Forbidden
Date: Thu, 20 Aug 2020 22:13:50 GMT
Content-Type: text/html; charset=UTF-8
Content-Length: 3580
Connection: close
X-Frame-Options: SAMEORIGIN
Cache-Control: private, max-age=0, no-store, no-cache, must-revalidate, post-check=0, pre-check=0
Expires: Thu, 01 Jan 1970 00:00:01 GMT
Set-Cookie: __cfduid=d4ba17ef117bd5515d189a2c5657e68511597961630; expires=Sat, 19-Sep-20 22:13:50 GMT; path=/; domain=.172.67.155.238; HttpOnly; SameSite=Lax
cf-request-id: 04af888cc00000e7988c979200000001
Vary: Accept-Encoding
Server: cloudflare
CF-RAY: 5c5f76c13d29e798-LAX
| - 8080/tcp
HTTP/1.1 403 Forbidden
Date: Mon, 17 Aug 2020 04:27:57 GMT
Content-Type: text/html; charset=UTF-8
Content-Length: 3582
Connection: close
X-Frame-Options: SAMEORIGIN
Cache-Control: private, max-age=0, no-store, no-cache, must-revalidate, post-check=0, pre-check=0
Expires: Thu, 01 Jan 1970 00:00:01 GMT
Set-Cookie: __cfduid=d30280bbcf5042bd1bb260a2fb65b98fe1597638477; expires=Wed, 16-Sep-20 04:27:57 GMT; path=/; domain=.172.67.155.238; HttpOnly; SameSite=Lax
cf-request-id: 049c459f9a00000eeaae175200000001
Vary: Accept-Encoding
Server: cloudflare
CF-RAY: 5c40a545c8430eea-DFW
| - 8880/tcp
HTTP/1.1 403 Forbidden
Date: Sun, 16 Aug 2020 18:16:43 GMT
Content-Type: text/plain; charset=UTF-8
Content-Length: 16
Connection: close
X-Frame-Options: SAMEORIGIN
Cache-Control: private, max-age=0, no-store, no-cache, must-revalidate, post-check=0, pre-check=0
Expires: Thu, 01 Jan 1970 00:00:01 GMT
Set-Cookie: __cfduid=df7645e9771b16d8fefd6609d064692321597601803; expires=Tue, 15-Sep-20 18:16:43 GMT; path=/; domain=.172.67.155.238; HttpOnly; SameSite=Lax
cf-request-id: 049a1604d40000d8edef9fb200000001
Server: cloudflare
CF-RAY: 5c3d25e7bd43d8ed-AMS

error code: 1003
-----------------
Vulnerabilities
-----------------
