______________________
20-08-2020 10:28:09 PM
----------------------
Target domain   : glolingo.com
-----------------
Domain Profile
-----------------
Profile hash    : [-1028391091]
IP address      : 103.102.1.36
AS number       : AS136851
Domain regist   : ['jogjahost.com']
Organization    : PT Ardetamedia Global Komputindo
IS provider     : PT Ardetamedia Global Komputindo
Origin domain   : Indonesia (ID)
Origin coordnt  : 106.8286° x -6.175°
| - Timestamp   : 2020-08-19T16:18:33.185218 (2082)
| - Timestamp   : 2020-08-17T19:08:18.661095 (53)
| - Timestamp   : 2020-08-17T17:13:40.662664 (2087)
| - Timestamp   : 2020-08-17T15:41:09.822724 (995)
| - Timestamp   : 2020-08-16T15:00:51.086406 (2086)
| - Timestamp   : 2020-08-16T02:48:21.604237 (2083)
| - Timestamp   : 2020-08-15T06:18:26.879857 (587)
| - Timestamp   : 2020-08-13T15:54:20.329558 (443)
| - Timestamp   : 2020-08-11T04:15:43.320214 (80)
| - Timestamp   : 2020-08-10T21:42:20.151003 (53)
-----------------
Technologies
-----------------
| - jQuery ([])
| - reCAPTCHA ([])
| - Bootstrap ([])
| - Google Font API ([])
-----------------
Open Services
-----------------
Open Port	: 2082/TCP
Open Port	: 53/UDP
Open Port	: 2087/TCP
| - SSL Vers	: -TLSv1 / -SSLv2 / -SSLv3 / -TLSv1.1 / TLSv1.2 / 
| - Cipher-Algo	: ECDHE-RSA-AES128-GCM-SHA256 in 128 bit
| - Signtr-Algo	: sha256WithRSAEncryption ver 2 modulus 2048 bit
| - Cert-Issuer	: cPanel, Inc., cPanel, Inc. Certification Authority (US)
Open Port	: 995/TCP
| - SSL Vers	: -TLSv1 / -SSLv2 / -SSLv3 / -TLSv1.1 / TLSv1.2 / TLSv1 / -SSLv2 / -SSLv3 / TLSv1.1 / TLSv1.2 / 
| - Cipher-Algo	: ECDHE-RSA-AES256-GCM-SHA384 in 256 bit
| - Signtr-Algo	: sha256WithRSAEncryption ver 2 modulus 2048 bit
| - Cert-Issuer	: cPanel, Inc., cPanel, Inc. Certification Authority (US)
Open Port	: 2086/TCP
Open Port	: 2083/TCP
| - SSL Vers	: -TLSv1 / -SSLv2 / -SSLv3 / -TLSv1.1 / TLSv1.2 / TLSv1 / -SSLv2 / -SSLv3 / TLSv1.1 / TLSv1.2 / -TLSv1 / -SSLv2 / -SSLv3 / -TLSv1.1 / TLSv1.2 / 
| - Cipher-Algo	: ECDHE-RSA-AES128-GCM-SHA256 in 128 bit
| - Signtr-Algo	: sha256WithRSAEncryption ver 2 modulus 2048 bit
| - Cert-Issuer	: cPanel, Inc., cPanel, Inc. Certification Authority (US)
Open Port	: 587/TCP (Exim smtpd 4.93)
| - SSL Vers	: -TLSv1 / -SSLv2 / -SSLv3 / -TLSv1.1 / TLSv1.2 / TLSv1 / -SSLv2 / -SSLv3 / TLSv1.1 / TLSv1.2 / -TLSv1 / -SSLv2 / -SSLv3 / -TLSv1.1 / TLSv1.2 / TLSv1 / -SSLv2 / -SSLv3 / TLSv1.1 / TLSv1.2 / 
| - Cipher-Algo	: ECDHE-RSA-AES256-GCM-SHA384 in 256 bit
| - Signtr-Algo	: sha256WithRSAEncryption ver 2 modulus 2048 bit
| - Cert-Issuer	: cPanel, Inc., cPanel, Inc. Certification Authority (US)
Open Port	: 443/TCP (LiteSpeed httpd)
| - SSL Vers	: -TLSv1 / -SSLv2 / -SSLv3 / -TLSv1.1 / TLSv1.2 / TLSv1 / -SSLv2 / -SSLv3 / TLSv1.1 / TLSv1.2 / -TLSv1 / -SSLv2 / -SSLv3 / -TLSv1.1 / TLSv1.2 / TLSv1 / -SSLv2 / -SSLv3 / TLSv1.1 / TLSv1.2 / -TLSv1 / -SSLv2 / -SSLv3 / -TLSv1.1 / TLSv1.2 / -TLSv1.3 / 
| - Cipher-Algo	: ECDHE-RSA-AES128-GCM-SHA256 in 128 bit
| - Signtr-Algo	: sha256WithRSAEncryption ver 2 modulus 2048 bit
| - Cert-Issuer	: cPanel, Inc., cPanel, Inc. Certification Authority (US)
Open Port	: 80/TCP (LiteSpeed httpd)
Open Port	: 53/TCP
Open Port	: 143/TCP
| - SSL Vers	: -TLSv1 / -SSLv2 / -SSLv3 / -TLSv1.1 / TLSv1.2 / TLSv1 / -SSLv2 / -SSLv3 / TLSv1.1 / TLSv1.2 / -TLSv1 / -SSLv2 / -SSLv3 / -TLSv1.1 / TLSv1.2 / TLSv1 / -SSLv2 / -SSLv3 / TLSv1.1 / TLSv1.2 / -TLSv1 / -SSLv2 / -SSLv3 / -TLSv1.1 / TLSv1.2 / -TLSv1.3 / TLSv1 / -SSLv2 / -SSLv3 / TLSv1.1 / TLSv1.2 / 
| - Cipher-Algo	: ECDHE-RSA-AES256-GCM-SHA384 in 256 bit
| - Signtr-Algo	: sha256WithRSAEncryption ver 2 modulus 2048 bit
| - Cert-Issuer	: cPanel, Inc., cPanel, Inc. Certification Authority (US)
-----------------
Banner Services
-----------------
| - 2082/tcp
HTTP/1.1 200 OK
Date: Wed, 19 Aug 2020 16:18:32 GMT
Content-Type: text/html
Transfer-Encoding: chunked
Connection: close
Server: imunify360-webshield/1.8
Last-Modified: Wednesday, 19-Aug-2020 16:18:32 GMT
Cache-Control: private, no-store, no-cache, must-revalidate, proxy-revalidate, max-age=0, s-maxage=0
Expires: Thu, 01 Jan 1970 00:00:01 GMT
| - 53/udp
PowerDNS Authoritative Server 4.1.10 (built Apr 17 2020 16:54:28 by root@rpmbuild-64-centos-7.dev.cpanel.net)
Resolver ID: venus.jogjahost.com
| - 2087/tcp
HTTP/1.1 200 OK
Connection: close
Content-Type: text/html; charset="utf-8"
Date: Mon, 17 Aug 2020 17:13:39 GMT
Cache-Control: no-cache, no-store, must-revalidate, private
Pragma: no-cache
Set-Cookie: whostmgrrelogin=no; HttpOnly; expires=Thu, 01-Jan-1970 00:00:01 GMT; path=/; port=2087; secure
Set-Cookie: whostmgrsession=%3auSiUqsqC1QRxdsoC%2c2952d092163a2c74a4a1ad495170c1f2; HttpOnly; path=/; port=2087; secure
Set-Cookie: roundcube_sessid=expired; HttpOnly; expires=Thu, 01-Jan-1970 00:00:01 GMT; path=/; port=2087; secure
Set-Cookie: roundcube_sessauth=expired; HttpOnly; domain=103.102.1.36; expires=Thu, 01-Jan-1970 00:00:01 GMT; path=/; port=2087; secure
Set-Cookie: Horde=expired; HttpOnly; domain=.103.102.1.36; expires=Thu, 01-Jan-1970 00:00:01 GMT; path=/; port=2087; secure
Set-Cookie: horde_secret_key=expired; HttpOnly; domain=.103.102.1.36; expires=Thu, 01-Jan-1970 00:00:01 GMT; path=/; port=2087; secure
Set-Cookie: Horde=expired; HttpOnly; expires=Thu, 01-Jan-1970 00:00:01 GMT; path=/; port=2087; secure
Set-Cookie: Horde=expired; HttpOnly; expires=Thu, 01-Jan-1970 00:00:01 GMT; path=/horde; port=2087; secure
Set-Cookie: PPA_ID=expired; HttpOnly; expires=Thu, 01-Jan-1970 00:00:01 GMT; path=/; port=2087; secure
Set-Cookie: imp_key=expired; HttpOnly; domain=103.102.1.36; expires=Thu, 01-Jan-1970 00:00:01 GMT; path=/; port=2087; secure
Set-Cookie: Horde=expired; HttpOnly; domain=.103.102.1.36; expires=Thu, 01-Jan-1970 00:00:01 GMT; path=/; port=2087
Set-Cookie: horde_secret_key=expired; HttpOnly; domain=.103.102.1.36; expires=Thu, 01-Jan-1970 00:00:01 GMT; path=/; port=2087
Cache-Control: no-cache, no-store, must-revalidate, private
X-Frame-Options: SAMEORIGIN
X-Content-Type-Options: nosniff
Content-Length: 37741
| - 995/tcp
+OK Dovecot ready.
+OK
CAPA
TOP
UIDL
RESP-CODES
PIPELINING
AUTH-RESP-CODE
USER
SASL PLAIN LOGIN
.
| - 2086/tcp
HTTP/1.1 301 Moved
Content-length: 117
Location: https://venus.jogjahost.com:2087/
Content-type: text/html; charset="utf-8"
Cache-Control: no-cache, no-store, must-revalidate, private
| - 2083/tcp
HTTP/1.1 200 OK
Connection: close
Content-Type: text/html; charset="utf-8"
Date: Sun, 16 Aug 2020 02:48:19 GMT
Cache-Control: no-cache, no-store, must-revalidate, private
Pragma: no-cache
Set-Cookie: cprelogin=no; HttpOnly; expires=Thu, 01-Jan-1970 00:00:01 GMT; path=/; port=2083; secure
Set-Cookie: cpsession=%3aqbrd40_6BJ4aR9lM%2c63bc64daa6e0b80b21a7d0bcc36c8563; HttpOnly; path=/; port=2083; secure
Set-Cookie: roundcube_sessid=expired; HttpOnly; expires=Thu, 01-Jan-1970 00:00:01 GMT; path=/; port=2083; secure
Set-Cookie: roundcube_sessauth=expired; HttpOnly; domain=103.102.1.36; expires=Thu, 01-Jan-1970 00:00:01 GMT; path=/; port=2083; secure
Set-Cookie: Horde=expired; HttpOnly; domain=.103.102.1.36; expires=Thu, 01-Jan-1970 00:00:01 GMT; path=/; port=2083; secure
Set-Cookie: horde_secret_key=expired; HttpOnly; domain=.103.102.1.36; expires=Thu, 01-Jan-1970 00:00:01 GMT; path=/; port=2083; secure
Set-Cookie: Horde=expired; HttpOnly; expires=Thu, 01-Jan-1970 00:00:01 GMT; path=/; port=2083; secure
Set-Cookie: Horde=expired; HttpOnly; expires=Thu, 01-Jan-1970 00:00:01 GMT; path=/horde; port=2083; secure
Set-Cookie: PPA_ID=expired; HttpOnly; expires=Thu, 01-Jan-1970 00:00:01 GMT; path=/; port=2083; secure
Set-Cookie: imp_key=expired; HttpOnly; domain=103.102.1.36; expires=Thu, 01-Jan-1970 00:00:01 GMT; path=/; port=2083; secure
Set-Cookie: Horde=expired; HttpOnly; domain=.103.102.1.36; expires=Thu, 01-Jan-1970 00:00:01 GMT; path=/; port=2083
Set-Cookie: horde_secret_key=expired; HttpOnly; domain=.103.102.1.36; expires=Thu, 01-Jan-1970 00:00:01 GMT; path=/; port=2083
Cache-Control: no-cache, no-store, must-revalidate, private
X-Frame-Options: SAMEORIGIN
X-Content-Type-Options: nosniff
Content-Length: 37759
| - 587/tcp
220-venus.jogjahost.com ESMTP Exim 4.93 #2 Sat, 15 Aug 2020 13:17:44 +0700 
220-We do not authorize the use of this system to transport unsolicited, 
220 and/or bulk e-mail.
250-venus.jogjahost.com Hello 140.208.23.127 [140.208.23.127]
250-SIZE 52428800
250-8BITMIME
250-PIPELINING
250-STARTTLS
250 HELP
| - 443/tcp
HTTP/1.1 200 OK
Connection: Keep-Alive
Content-Type: text/html; charset=UTF-8
Content-Length: 9
Date: Thu, 13 Aug 2020 15:54:20 GMT
Server: LiteSpeed
Alt-Svc: quic=":443"; ma=2592000; v="43,46", h3-Q043=":443"; ma=2592000, h3-Q046=":443"; ma=2592000, h3-Q050=":443"; ma=2592000, h3-25=":443"; ma=2592000, h3-27=":443"; ma=2592000
| - 80/tcp
HTTP/1.1 200 OK
Connection: Keep-Alive
Content-Type: text/html
Transfer-Encoding: chunked
Date: Tue, 11 Aug 2020 04:15:42 GMT
Server: LiteSpeed
| - 53/tcp
PowerDNS Authoritative Server 4.1.10 (built Apr 17 2020 16:54:28 by root@rpmbuild-64-centos-7.dev.cpanel.net)
Resolver ID: venus.jogjahost.com
| - 143/tcp
* OK [CAPABILITY IMAP4rev1 SASL-IR LOGIN-REFERRALS ID ENABLE IDLE NAMESPACE LITERAL+ STARTTLS AUTH=PLAIN AUTH=LOGIN] Dovecot ready.
* CAPABILITY IMAP4rev1 SASL-IR LOGIN-REFERRALS ID ENABLE IDLE NAMESPACE LITERAL+ STARTTLS AUTH=PLAIN AUTH=LOGIN
A001 OK Pre-login capabilities listed, post-login capabilities have more.
* ID ("name" "Dovecot")
A002 OK ID completed.
A003 BAD Error in IMAP command received by server.
* BYE Logging out
A004 OK Logout completed.
-----------------
Vulnerabilities
-----------------
