______________________
19-08-2020 12:11:56 AM
----------------------
Target domain   : packtub.com
-----------------
Domain Profile
-----------------
Profile hash    : [-2128932624]
IP address      : 103.224.182.252
AS number       : AS133618
Domain regist   : ['above.com']
Organization    : Trellian Pty. Limited
IS provider     : Trellian Pty. Limited
Origin domain   : Australia (AU)
Origin coordnt  : 143.2104° x -33.494°
| - Timestamp   : 2020-08-18T16:53:57.690636 (443)
-----------------
Technologies
-----------------
Backend Infras  : (Debian)
-----------------
Open Services
-----------------
Open Port	: 443/TCP (Apache httpd 2.4.25)
| - SSL Vers	: TLSv1 / -SSLv2 / -SSLv3 / TLSv1.1 / TLSv1.2 / -TLSv1.3 / 
| - Cipher-Algo	: ECDHE-RSA-AES256-GCM-SHA384 in 256 bit
| - Signtr-Algo	: sha256WithRSAEncryption ver 2 modulus 4096 bit
| - Cert-Issuer	: Let's Encrypt, Let's Encrypt Authority X3 (US)
-----------------
Banner Services
-----------------
| - 443/tcp
HTTP/1.1 302 Found
Date: Tue, 18 Aug 2020 16:53:55 GMT
Server: Apache/2.4.25 (Debian)
Set-Cookie: __tad=1597769635.1564608; expires=Fri, 16-Aug-2030 16:53:55 GMT; Max-Age=315360000
Location: http://ww1.publicartparty.com/?sub1=20200819-0253-552e-af63-3572e39185e4
Content-Length: 0
Connection: close
Content-Type: text/html; charset=UTF-8
-----------------
Vulnerabilities
-----------------
