______________________
19-08-2020 12:47:37 AM
----------------------
Target domain   : pnj.ac.id
-----------------
Domain Profile
-----------------
Profile hash    : [789382784]
IP address      : 103.36.14.58
AS number       : AS133364
Domain regist   : []
Organization    : Politeknik Negeri Jakarta
IS provider     : Politeknik Negeri Jakarta
Origin domain   : Jawa Barat, Indonesia (ID)
Origin coordnt  : 106.8286° x -6.175°
| - Timestamp   : 2020-08-18T16:23:45.021753 (443)
| - Timestamp   : 2020-08-15T09:37:52.267088 (8080)
| - Timestamp   : 2020-08-08T23:33:25.532104 (8848)
| - Timestamp   : 2020-08-02T11:47:05.273599 (80)
-----------------
Technologies
-----------------
Backend Infras  : Express middleware
| - jQuery ([])
| - Bootstrap ([])
| - Font Awesome ([])
| - Lightbox ([])
| - Modernizr ([])
| - OWL Carousel ([])
| - jQuery Migrate ([])
| - animate.css ([])
-----------------
Open Services
-----------------
Open Port	: 443/TCP (Node.js)
| - SSL Vers	: TLSv1 / -SSLv2 / -SSLv3 / TLSv1.1 / TLSv1.2 / -TLSv1.3 / 
| - Cipher-Algo	: ECDHE-RSA-AES128-GCM-SHA256 in 128 bit
| - Signtr-Algo	: sha256WithRSAEncryption ver 2 modulus 2048 bit
| - Subj-Issuer	: Pusat Data dan Teknologi Informasi, Politeknik Negeri Jakarta (ID)
| - Cert-Issuer	: DigiCert Inc, GeoTrust RSA CA 2018 (US)
Open Port	: 8080/TCP (Apache httpd 2.4.6)
Open Port	: 8848/TCP
Open Port	: 80/TCP
-----------------
Banner Services
-----------------
| - 443/tcp
HTTP/1.1 200 OK
X-Powered-By: Express
Content-Type: text/html; charset=utf-8
Content-Length: 33523
ETag: W/"82f3-ef0uQZzEX5mPb9I0Gwua2LlZ9oA"
Date: Tue, 18 Aug 2020 16:20:20 GMT
Connection: keep-alive
| - 8080/tcp
HTTP/1.1 301 Moved Permanently
Date: Sat, 15 Aug 2020 09:34:30 GMT
Server: Apache/2.4.6 (CentOS) OpenSSL/1.0.2k-fips PHP/7.2.33
Location: https://pnj.ac.id:8848/
Content-Length: 231
Content-Type: text/html; charset=iso-8859-1
| - 80/tcp
HTTP/1.1 302 Found
X-Powered-By: Express
Location: https:103.36.14.58/
Vary: Accept
Content-Type: text/html; charset=utf-8
Content-Length: 82
Date: Sun, 02 Aug 2020 11:51:47 GMT
Connection: keep-alive
-----------------
Vulnerabilities
-----------------
| - [4.3/10.0] CVE-2014-0117	| - [4.3/10.0] CVE-2014-0118
| - [5.0/10.0] CVE-2016-0736	| - [4.3/10.0] CVE-2015-3185
| - [5.0/10.0] CVE-2015-3184	| - [6.8/10.0] CVE-2018-1312
| - [4.3/10.0] CVE-2016-4975	| - [3.3/10.0] CVE-2016-8612
| - [6.8/10.0] CVE-2014-0226	| - [5.0/10.0] CVE-2014-3523
| - [5.0/10.0] CVE-2017-15710	| - [6.8/10.0] CVE-2017-15715
| - [5.0/10.0] CVE-2013-6438	| - [7.5/10.0] CVE-2017-7679
| - [5.0/10.0] CVE-2018-17199	| - [6.4/10.0] CVE-2017-9788
| - [4.3/10.0] CVE-2014-8109	| - [5.0/10.0] CVE-2017-9798
| - [5.0/10.0] CVE-2016-2161	| - [5.0/10.0] CVE-2014-0231
| - [4.3/10.0] CVE-2013-4352	| - [5.0/10.0] CVE-2019-0220
| - [5.0/10.0] CVE-2014-0098	| - [3.5/10.0] CVE-2018-1283
| - [5.0/10.0] CVE-2016-8743
