______________________
19-08-2020 05:24:29 PM
----------------------
Target domain   : smp-alazhar2.sch.id
-----------------
Domain Profile
-----------------
Profile hash    : [-1875944810]
IP address      : 103.247.10.185
AS number       : AS58487
Domain regist   : ['rumahweb.com']
Organization    : Rumahweb Indonesia CV.
IS provider     : Rumahweb Indonesia CV.
Origin domain   : Indonesia (ID)
Origin coordnt  : 106.8286° x -6.175°
| - Timestamp   : 2020-08-18T14:52:46.079833 (80)
| - Timestamp   : 2020-08-14T05:44:00.570361 (2083)
| - Timestamp   : 2020-08-13T14:16:36.113497 (110)
| - Timestamp   : 2020-08-10T22:45:32.553984 (2087)
| - Timestamp   : 2020-08-10T20:14:26.073400 (443)
| - Timestamp   : 2020-08-10T11:33:42.429929 (2082)
| - Timestamp   : 2020-08-09T21:12:25.518489 (465)
| - Timestamp   : 2020-08-09T07:00:33.948439 (143)
| - Timestamp   : 2020-08-07T09:10:46.224541 (995)
| - Timestamp   : 2020-08-06T14:33:06.601001 (587)
-----------------
Technologies
-----------------
| - jQuery (['JavaScript Libraries'])
| - jQuery Migrate (['JavaScript Libraries'])
| - WordPress (['CMS', 'Blogs'])
| - PHP (['Programming Languages'])
| - MySQL (['Databases'])
-----------------
Open Services
-----------------
Open Port	: 80/TCP (Apache httpd)
Open Port	: 2083/TCP
| - SSL Vers	: TLSv1 / -SSLv2 / -SSLv3 / TLSv1.1 / TLSv1.2 / 
| - Cipher-Algo	: ECDHE-RSA-AES128-GCM-SHA256 in 128 bit
| - Signtr-Algo	: sha256WithRSAEncryption ver 2 modulus 2048 bit
| - Cert-Issuer	: cPanel, Inc., cPanel, Inc. Certification Authority (US)
Open Port	: 110/TCP
| - SSL Vers	: TLSv1 / -SSLv2 / -SSLv3 / TLSv1.1 / TLSv1.2 / TLSv1 / -SSLv2 / -SSLv3 / TLSv1.1 / TLSv1.2 / 
| - Cipher-Algo	: ECDHE-RSA-AES256-GCM-SHA384 in 256 bit
| - Signtr-Algo	: sha256WithRSAEncryption ver 2 modulus 2048 bit
| - Cert-Issuer	: cPanel, Inc., cPanel, Inc. Certification Authority (US)
Open Port	: 2087/TCP
| - SSL Vers	: TLSv1 / -SSLv2 / -SSLv3 / TLSv1.1 / TLSv1.2 / TLSv1 / -SSLv2 / -SSLv3 / TLSv1.1 / TLSv1.2 / TLSv1 / -SSLv2 / -SSLv3 / TLSv1.1 / TLSv1.2 / 
| - Cipher-Algo	: ECDHE-RSA-AES128-GCM-SHA256 in 128 bit
| - Signtr-Algo	: sha256WithRSAEncryption ver 2 modulus 2048 bit
| - Cert-Issuer	: cPanel, Inc., cPanel, Inc. Certification Authority (US)
Open Port	: 443/TCP (Apache httpd)
| - Fingerprint	: RFC3526/Oakley Group 14 in 2048
| - SSL Vers	: TLSv1 / -SSLv2 / -SSLv3 / TLSv1.1 / TLSv1.2 / TLSv1 / -SSLv2 / -SSLv3 / TLSv1.1 / TLSv1.2 / TLSv1 / -SSLv2 / -SSLv3 / TLSv1.1 / TLSv1.2 / TLSv1 / -SSLv2 / -SSLv3 / TLSv1.1 / TLSv1.2 / TLSv1.3 / 
| - Cipher-Algo	: ECDHE-RSA-AES256-GCM-SHA384 in 256 bit
| - Signtr-Algo	: sha256WithRSAEncryption ver 2 modulus 2048 bit
| - Cert-Issuer	: cPanel, Inc., cPanel, Inc. Certification Authority (US)
Open Port	: 2082/TCP
Open Port	: 465/TCP (Exim smtpd 4.93)
| - Fingerprint	: RFC5114/2048-bit MODP Group with 224-bit Prime Order Subgroup in 2048
| - SSL Vers	: TLSv1 / -SSLv2 / -SSLv3 / TLSv1.1 / TLSv1.2 / TLSv1 / -SSLv2 / -SSLv3 / TLSv1.1 / TLSv1.2 / TLSv1 / -SSLv2 / -SSLv3 / TLSv1.1 / TLSv1.2 / TLSv1 / -SSLv2 / -SSLv3 / TLSv1.1 / TLSv1.2 / TLSv1.3 / TLSv1 / -SSLv2 / -SSLv3 / TLSv1.1 / TLSv1.2 / 
| - Cipher-Algo	: ECDHE-RSA-AES256-GCM-SHA384 in 256 bit
| - Signtr-Algo	: sha256WithRSAEncryption ver 2 modulus 2048 bit
| - Cert-Issuer	: cPanel, Inc., cPanel, Inc. Certification Authority (US)
Open Port	: 143/TCP
| - SSL Vers	: TLSv1 / -SSLv2 / -SSLv3 / TLSv1.1 / TLSv1.2 / TLSv1 / -SSLv2 / -SSLv3 / TLSv1.1 / TLSv1.2 / TLSv1 / -SSLv2 / -SSLv3 / TLSv1.1 / TLSv1.2 / TLSv1 / -SSLv2 / -SSLv3 / TLSv1.1 / TLSv1.2 / TLSv1.3 / TLSv1 / -SSLv2 / -SSLv3 / TLSv1.1 / TLSv1.2 / TLSv1 / -SSLv2 / -SSLv3 / TLSv1.1 / TLSv1.2 / 
| - Cipher-Algo	: ECDHE-RSA-AES256-GCM-SHA384 in 256 bit
| - Signtr-Algo	: sha256WithRSAEncryption ver 2 modulus 2048 bit
| - Cert-Issuer	: cPanel, Inc., cPanel, Inc. Certification Authority (US)
Open Port	: 995/TCP
| - SSL Vers	: TLSv1 / -SSLv2 / -SSLv3 / TLSv1.1 / TLSv1.2 / TLSv1 / -SSLv2 / -SSLv3 / TLSv1.1 / TLSv1.2 / TLSv1 / -SSLv2 / -SSLv3 / TLSv1.1 / TLSv1.2 / TLSv1 / -SSLv2 / -SSLv3 / TLSv1.1 / TLSv1.2 / TLSv1.3 / TLSv1 / -SSLv2 / -SSLv3 / TLSv1.1 / TLSv1.2 / TLSv1 / -SSLv2 / -SSLv3 / TLSv1.1 / TLSv1.2 / TLSv1 / -SSLv2 / -SSLv3 / TLSv1.1 / TLSv1.2 / 
| - Cipher-Algo	: ECDHE-RSA-AES256-GCM-SHA384 in 256 bit
| - Signtr-Algo	: sha256WithRSAEncryption ver 2 modulus 2048 bit
| - Cert-Issuer	: cPanel, Inc., cPanel, Inc. Certification Authority (US)
Open Port	: 587/TCP (Exim smtpd 4.93)
| - SSL Vers	: TLSv1 / -SSLv2 / -SSLv3 / TLSv1.1 / TLSv1.2 / TLSv1 / -SSLv2 / -SSLv3 / TLSv1.1 / TLSv1.2 / TLSv1 / -SSLv2 / -SSLv3 / TLSv1.1 / TLSv1.2 / TLSv1 / -SSLv2 / -SSLv3 / TLSv1.1 / TLSv1.2 / TLSv1.3 / TLSv1 / -SSLv2 / -SSLv3 / TLSv1.1 / TLSv1.2 / TLSv1 / -SSLv2 / -SSLv3 / TLSv1.1 / TLSv1.2 / TLSv1 / -SSLv2 / -SSLv3 / TLSv1.1 / TLSv1.2 / TLSv1 / -SSLv3 / TLSv1.1 / TLSv1.2 / 
| - Cipher-Algo	: ECDHE-RSA-AES256-GCM-SHA384 in 256 bit
| - Signtr-Algo	: sha256WithRSAEncryption ver 2 modulus 2048 bit
| - Cert-Issuer	: cPanel, Inc., cPanel, Inc. Certification Authority (US)
-----------------
Banner Services
-----------------
| - 80/tcp
HTTP/1.1 200 OK
Date: Tue, 18 Aug 2020 14:52:45 GMT
Server: Apache
Upgrade: h2,h2c
Connection: Upgrade
Vary: Accept-Encoding
Transfer-Encoding: chunked
Content-Type: text/html
| - 2083/tcp
HTTP/1.1 200 OK
Connection: close
Content-Type: text/html; charset="utf-8"
Date: Fri, 14 Aug 2020 05:44:00 GMT
Cache-Control: no-cache, no-store, must-revalidate, private
Pragma: no-cache
Set-Cookie: cprelogin=no; HttpOnly; expires=Thu, 01-Jan-1970 00:00:01 GMT; path=/; port=2083; secure
Set-Cookie: cpsession=%3a1sTA87zyER8kPkg3%2c7d88ef57b53ee0d8d9a5222559ba6fa0; HttpOnly; path=/; port=2083; secure
Set-Cookie: roundcube_sessid=expired; HttpOnly; expires=Thu, 01-Jan-1970 00:00:01 GMT; path=/; port=2083; secure
Set-Cookie: roundcube_sessauth=expired; HttpOnly; domain=103.247.10.185; expires=Thu, 01-Jan-1970 00:00:01 GMT; path=/; port=2083; secure
Set-Cookie: Horde=expired; HttpOnly; domain=.103.247.10.185; expires=Thu, 01-Jan-1970 00:00:01 GMT; path=/; port=2083; secure
Set-Cookie: horde_secret_key=expired; HttpOnly; domain=.103.247.10.185; expires=Thu, 01-Jan-1970 00:00:01 GMT; path=/; port=2083; secure
Set-Cookie: Horde=expired; HttpOnly; expires=Thu, 01-Jan-1970 00:00:01 GMT; path=/; port=2083; secure
Set-Cookie: Horde=expired; HttpOnly; expires=Thu, 01-Jan-1970 00:00:01 GMT; path=/horde; port=2083; secure
Set-Cookie: PPA_ID=expired; HttpOnly; expires=Thu, 01-Jan-1970 00:00:01 GMT; path=/; port=2083; secure
Set-Cookie: imp_key=expired; HttpOnly; domain=103.247.10.185; expires=Thu, 01-Jan-1970 00:00:01 GMT; path=/; port=2083; secure
Set-Cookie: Horde=expired; HttpOnly; domain=.103.247.10.185; expires=Thu, 01-Jan-1970 00:00:01 GMT; path=/; port=2083
Set-Cookie: horde_secret_key=expired; HttpOnly; domain=.103.247.10.185; expires=Thu, 01-Jan-1970 00:00:01 GMT; path=/; port=2083
Cache-Control: no-cache, no-store, must-revalidate, private
Content-Length: 37945
| - 110/tcp
+OK Dovecot ready.
+OK
CAPA
TOP
UIDL
RESP-CODES
PIPELINING
AUTH-RESP-CODE
STLS
USER
SASL PLAIN LOGIN
.
| - 2087/tcp
HTTP/1.0 401 Access Denied
Connection: close
Content-Type: text/html; charset="utf-8"
Date: Mon, 10 Aug 2020 22:45:32 GMT
Cache-Control: no-cache, no-store, must-revalidate, private
Pragma: no-cache
X-Error-Message: Access Denied
Content-Length: 5117
| - 443/tcp
HTTP/1.1 200 OK
Date: Mon, 10 Aug 2020 20:14:24 GMT
Server: Apache
Link: <https://abishoes.my.id/wp-json/>; rel="https://api.w.org/"
Upgrade: h2,h2c
Connection: Upgrade
Vary: Accept-Encoding
Transfer-Encoding: chunked
Content-Type: text/html; charset=UTF-8
| - 2082/tcp
HTTP/1.1 301 Moved
Content-length: 112
Location: https://103.247.10.185:2083/
Content-type: text/html; charset="utf-8"
Cache-Control: no-cache, no-store, must-revalidate, private
| - 465/tcp
220-bima.iixcp.rumahweb.com ESMTP Exim 4.93 #2 Mon, 10 Aug 2020 04:11:55 +0700 
220-We do not authorize the use of this system to transport unsolicited, 
220 and/or bulk e-mail.
250-bima.iixcp.rumahweb.com Hello 98.8.215.149 [98.8.215.149]
250-SIZE 52428800
250-8BITMIME
250-PIPELINING
250-AUTH PLAIN LOGIN
250 HELP
| - 143/tcp
* OK [CAPABILITY IMAP4rev1 SASL-IR LOGIN-REFERRALS ID ENABLE IDLE NAMESPACE LITERAL+ STARTTLS AUTH=PLAIN AUTH=LOGIN] Dovecot ready.
* CAPABILITY IMAP4rev1 SASL-IR LOGIN-REFERRALS ID ENABLE IDLE NAMESPACE LITERAL+ STARTTLS AUTH=PLAIN AUTH=LOGIN
A001 OK Pre-login capabilities listed, post-login capabilities have more.
* ID ("name" "Dovecot")
A002 OK ID completed.
A003 BAD Error in IMAP command received by server.
* BYE Logging out
A004 OK Logout completed.
| - 995/tcp
+OK Dovecot ready.
+OK
CAPA
TOP
UIDL
RESP-CODES
PIPELINING
AUTH-RESP-CODE
USER
SASL PLAIN LOGIN
.
| - 587/tcp
220-bima.iixcp.rumahweb.com ESMTP Exim 4.93 #2 Thu, 06 Aug 2020 21:24:08 +0700 
220-We do not authorize the use of this system to transport unsolicited, 
220 and/or bulk e-mail.
250-bima.iixcp.rumahweb.com Hello 160.200.108.76 [160.200.108.76]
250-SIZE 52428800
250-8BITMIME
250-PIPELINING
250-STARTTLS
250 HELP
-----------------
Vulnerabilities
-----------------
