______________________
26-08-2020 10:09:34 AM
----------------------
Target domain   : stimaimmi.ac.id
-----------------
Domain Profile
-----------------
Profile hash    : [1009504110]
IP address      : 103.28.12.56
AS number       : AS58404
Domain regist   : ['fastcloud.id']
Organization    : PT Qwords Company International
IS provider     : PT Qwords Company International
Origin domain   : Indonesia (ID)
Origin coordnt  : 106.8286° x -6.175°
| - Timestamp   : 2020-08-24T09:26:09.539959 (80)
| - Timestamp   : 2020-08-23T07:07:51.419635 (465)
| - Timestamp   : 2020-08-20T10:53:01.102796 (21)
| - Timestamp   : 2020-08-15T02:32:28.591077 (993)
| - Timestamp   : 2020-08-14T09:40:16.405097 (2082)
| - Timestamp   : 2020-08-12T14:47:46.499666 (110)
| - Timestamp   : 2020-08-12T09:58:08.491504 (53)
| - Timestamp   : 2020-08-10T17:12:40.048086 (443)
| - Timestamp   : 2020-08-10T13:12:56.207407 (2096)
| - Timestamp   : 2020-08-05T14:47:27.501277 (995)
-----------------
Technologies
-----------------
| - jQuery (['JavaScript Libraries'])
| - reCAPTCHA (['Captchas'])
| - Bootstrap (['Web Frameworks'])
| - Google Font API (['Font Scripts'])
-----------------
Open Services
-----------------
Open Port	: 80/TCP
Open Port	: 465/TCP (Exim smtpd 4.93)
| - Fingerprint	: RFC5114/2048-bit MODP Group with 224-bit Prime Order Subgroup in 2048
| - SSL Vers	: TLSv1 / -SSLv2 / -SSLv3 / TLSv1.1 / TLSv1.2 / 
| - Cipher-Algo	: ECDHE-RSA-AES256-GCM-SHA384 in 256 bit
| - Signtr-Algo	: sha256WithRSAEncryption ver 2 modulus 2048 bit
| - Cert-Issuer	: GlobalSign nv-sa, AlphaSSL CA - SHA256 - G2 (BE)
Open Port	: 21/TCP (Pure-FTPd)
| - SSL Vers	: TLSv1 / -SSLv2 / -SSLv3 / TLSv1.1 / TLSv1.2 / -TLSv1 / -SSLv2 / -SSLv3 / TLSv1.1 / TLSv1.2 / 
| - Cipher-Algo	: ECDHE-RSA-AES256-GCM-SHA384 in 256 bit
| - Signtr-Algo	: sha256WithRSAEncryption ver 2 modulus 2048 bit
| - Cert-Issuer	: GlobalSign nv-sa, AlphaSSL CA - SHA256 - G2 (BE)
Open Port	: 993/TCP
| - SSL Vers	: TLSv1 / -SSLv2 / -SSLv3 / TLSv1.1 / TLSv1.2 / -TLSv1 / -SSLv2 / -SSLv3 / TLSv1.1 / TLSv1.2 / -TLSv1 / -SSLv2 / -SSLv3 / -TLSv1.1 / TLSv1.2 / 
| - Cipher-Algo	: ECDHE-RSA-AES256-GCM-SHA384 in 256 bit
| - Signtr-Algo	: sha256WithRSAEncryption ver 2 modulus 2048 bit
| - Cert-Issuer	: GlobalSign nv-sa, AlphaSSL CA - SHA256 - G2 (BE)
Open Port	: 2082/TCP
Open Port	: 110/TCP
| - SSL Vers	: TLSv1 / -SSLv2 / -SSLv3 / TLSv1.1 / TLSv1.2 / -TLSv1 / -SSLv2 / -SSLv3 / TLSv1.1 / TLSv1.2 / -TLSv1 / -SSLv2 / -SSLv3 / -TLSv1.1 / TLSv1.2 / -TLSv1 / -SSLv2 / -SSLv3 / -TLSv1.1 / TLSv1.2 / 
| - Cipher-Algo	: ECDHE-RSA-AES256-GCM-SHA384 in 256 bit
| - Signtr-Algo	: sha256WithRSAEncryption ver 2 modulus 2048 bit
| - Cert-Issuer	: GlobalSign nv-sa, AlphaSSL CA - SHA256 - G2 (BE)
Open Port	: 53/TCP
Open Port	: 443/TCP (Apache httpd)
| - SSL Vers	: TLSv1 / -SSLv2 / -SSLv3 / TLSv1.1 / TLSv1.2 / -TLSv1 / -SSLv2 / -SSLv3 / TLSv1.1 / TLSv1.2 / -TLSv1 / -SSLv2 / -SSLv3 / -TLSv1.1 / TLSv1.2 / -TLSv1 / -SSLv2 / -SSLv3 / -TLSv1.1 / TLSv1.2 / -TLSv1 / -SSLv2 / -SSLv3 / -TLSv1.1 / TLSv1.2 / -TLSv1.3 / 
| - Cipher-Algo	: ECDHE-RSA-AES256-GCM-SHA384 in 256 bit
| - Signtr-Algo	: sha256WithRSAEncryption ver 2 modulus 2048 bit
| - Cert-Issuer	: Sectigo Limited, Sectigo RSA Domain Validation Secure Server CA (GB)
Open Port	: 2096/TCP
Open Port	: 995/TCP
| - SSL Vers	: TLSv1 / -SSLv2 / -SSLv3 / TLSv1.1 / TLSv1.2 / -TLSv1 / -SSLv2 / -SSLv3 / TLSv1.1 / TLSv1.2 / -TLSv1 / -SSLv2 / -SSLv3 / -TLSv1.1 / TLSv1.2 / -TLSv1 / -SSLv2 / -SSLv3 / -TLSv1.1 / TLSv1.2 / -TLSv1 / -SSLv2 / -SSLv3 / -TLSv1.1 / TLSv1.2 / -TLSv1.3 / -TLSv1 / -SSLv2 / -SSLv3 / -TLSv1.1 / TLSv1.2 / 
| - Cipher-Algo	: ECDHE-RSA-AES256-GCM-SHA384 in 256 bit
| - Signtr-Algo	: sha256WithRSAEncryption ver 2 modulus 2048 bit
| - Cert-Issuer	: GlobalSign nv-sa, AlphaSSL CA - SHA256 - G2 (BE)
-----------------
Banner Services
-----------------
| - 80/tcp
HTTP/1.1 200 OK
Date: Mon, 24 Aug 2020 09:26:08 GMT
Content-Type: text/html
Transfer-Encoding: chunked
Connection: close
Server: imunify360-webshield/1.8
Last-Modified: Monday, 24-Aug-2020 09:26:08 GMT
Cache-Control: private, no-store, no-cache, must-revalidate, proxy-revalidate, max-age=0, s-maxage=0
Expires: Thu, 01 Jan 1970 00:00:01 GMT
| - 465/tcp
220-banana9.fastcloud.id ESMTP Exim 4.93 #2 Sun, 23 Aug 2020 14:07:38 +0700 
220-We do not authorize the use of this system to transport unsolicited, 
220 and/or bulk e-mail.
250-banana9.fastcloud.id Hello V7yNLzheCvE.net [83.240.184.227]
250-SIZE 52428800
250-8BITMIME
250-PIPELINING
250-AUTH PLAIN LOGIN
250 HELP
| - 21/tcp
220---------- Welcome to Pure-FTPd [privsep] [TLS] ----------
220-You are user number 1 of 50 allowed.
220-Local time is now 17:51. Server port: 21.
220-This is a private system - No anonymous login
220-IPv6 connections are also welcome on this server.
220 You will be disconnected after 15 minutes of inactivity.
530 Login authentication failed
214-The following SITE commands are recognized
 ALIAS
 CHMOD
 IDLE
 UTIME
214 Pure-FTPd - http://pureftpd.org/
211-Extensions supported:
 EPRT
 IDLE
 MDTM
 SIZE
 MFMT
 REST STREAM
 MLST type*;size*;sizd*;modify*;UNIX.mode*;UNIX.uid*;UNIX.gid*;unique*;
 MLSD
 AUTH TLS
 PBSZ
 PROT
 UTF8
 TVFS
 ESTA
 PASV
 EPSV
 SPSV
 ESTP
211 End.
| - 993/tcp
* OK [CAPABILITY IMAP4rev1 SASL-IR LOGIN-REFERRALS ID ENABLE IDLE NAMESPACE LITERAL+ AUTH=PLAIN AUTH=LOGIN] Dovecot ready.
* CAPABILITY IMAP4rev1 SASL-IR LOGIN-REFERRALS ID ENABLE IDLE NAMESPACE LITERAL+ AUTH=PLAIN AUTH=LOGIN
A001 OK Pre-login capabilities listed, post-login capabilities have more.
* ID ("name" "Dovecot")
A002 OK ID completed.
A003 BAD Error in IMAP command received by server.
* BYE Logging out
A004 OK Logout completed.
| - 2082/tcp
HTTP/1.1 200 OK
Connection: close
Content-Type: text/html; charset="utf-8"
Date: Fri, 14 Aug 2020 09:40:15 GMT
Cache-Control: no-cache, no-store, must-revalidate, private
Pragma: no-cache
Set-Cookie: cprelogin=no; HttpOnly; expires=Thu, 01-Jan-1970 00:00:01 GMT; path=/; port=2082
Set-Cookie: cpsession=%3a2KL9VceKdbx8kNyX%2c0e5952695994f1d6dc4f780ed5c465b2; HttpOnly; path=/; port=2082
Set-Cookie: roundcube_sessid=expired; HttpOnly; expires=Thu, 01-Jan-1970 00:00:01 GMT; path=/; port=2082
Set-Cookie: roundcube_sessauth=expired; HttpOnly; domain=103.28.12.56; expires=Thu, 01-Jan-1970 00:00:01 GMT; path=/; port=2082
Set-Cookie: Horde=expired; HttpOnly; domain=.103.28.12.56; expires=Thu, 01-Jan-1970 00:00:01 GMT; path=/; port=2082
Set-Cookie: horde_secret_key=expired; HttpOnly; domain=.103.28.12.56; expires=Thu, 01-Jan-1970 00:00:01 GMT; path=/; port=2082
Set-Cookie: Horde=expired; HttpOnly; expires=Thu, 01-Jan-1970 00:00:01 GMT; path=/; port=2082
Set-Cookie: Horde=expired; HttpOnly; expires=Thu, 01-Jan-1970 00:00:01 GMT; path=/horde; port=2082
Set-Cookie: PPA_ID=expired; HttpOnly; expires=Thu, 01-Jan-1970 00:00:01 GMT; path=/; port=2082
Set-Cookie: imp_key=expired; HttpOnly; domain=103.28.12.56; expires=Thu, 01-Jan-1970 00:00:01 GMT; path=/; port=2082
Cache-Control: no-cache, no-store, must-revalidate, private
Content-Length: 38099
| - 110/tcp
+OK Dovecot ready.
+OK
CAPA
TOP
UIDL
RESP-CODES
PIPELINING
AUTH-RESP-CODE
STLS
USER
SASL PLAIN LOGIN
.
| - 53/tcp
9.11.4-P2-RedHat-9.11.4-16.P2.el7_8.6
Resolver name: banana9.fastcloud.id
| - 443/tcp
HTTP/1.1 200 OK
Date: Mon, 10 Aug 2020 17:12:38 GMT
Server: Apache
Upgrade: h2,h2c
Connection: Upgrade
Last-Modified: Wed, 22 Jul 2020 06:28:01 GMT
Accept-Ranges: bytes
Content-Length: 18074
Content-Type: text/html
| - 2096/tcp
HTTP/1.1 301 Moved
Content-length: 117
Location: https://banana9.fastcloud.id:2096
Content-type: text/html; charset="utf-8"
Cache-Control: no-cache, no-store, must-revalidate, private
Pragma: no-cache
| - 995/tcp
+OK Dovecot ready.
+OK
CAPA
TOP
UIDL
RESP-CODES
PIPELINING
AUTH-RESP-CODE
USER
SASL PLAIN LOGIN
.
-----------------
Vulnerabilities
-----------------
